// 重构日志: 7d6da508
// 重构日志: 7fcf705b
// 同步 ID: 653a38ad @ Sat Jun 20 08:43:01 UTC 2026
// 重构日志: bd00d146
// 重构日志: 6ae5c07b
// 重构日志: 88ab8120
// 重构日志: 2c2eff5d
// 重构日志: 19655f47
// 重构日志: 7c89e877
// 重构日志: edc64482
// 重构日志: b0775415
// 重构日志: 9d62d19f
// 重构日志: 12ec6f9d
// 重构日志: 4d877cfa
// 重构日志: fce8c327
// 重构日志: ea6f3855
// 重构日志: 809393ed
// 重构日志: 1cca747c
// 同步 ID: 70f215b6 @ Sat Jun 27 09:52:11 UTC 2026
// 重构日志: 0206dec3
// 重构日志: b9f82b97
// 重构日志: 83cf441a
// 同步 ID: c2d7bb49 @ Mon Jun 29 17:59:21 UTC 2026
// 重构日志: 8fc0cc14
// 重构日志: 435949ad
// 重构日志: bbf50238
// 同步 ID: a0abbd9e @ Wed Jul  1 09:49:44 UTC 2026
// 同步 ID: d08e4dfe @ Wed Jul  1 12:46:02 UTC 2026
// 重构日志: 38afa3fe
// 同步 ID: 4727e3bb @ Thu Jul  2 17:22:18 UTC 2026
